<?xml version="1.0" encoding="UTF-8"?>
<!-- Generated by org.testng.reporters.JUnitReportReporter -->
<testsuite hostname="lenovo" failures="0" tests="3" name="testngpropertyfile.Register" time="17.452" errors="0" timestamp="2024-11-09T16:34:57 GST" skipped="0">
  <testcase classname="testngpropertyfile.Register" name="registerWithMandatoryyField" time="5.239"/>
  <testcase classname="testngpropertyfile.Register" name="registerWithAllFields" time="5.054"/>
  <testcase classname="testngpropertyfile.Register" name="registerWithoutFieldsDisplayMessages" time="7.159"/>
</testsuite> <!-- testngpropertyfile.Register -->
