<?xml version="1.0" encoding="UTF-8"?>
<!-- Generated by org.testng.reporters.JUnitReportReporter -->
<testsuite hostname="lenovo" failures="0" tests="3" name="testngpropertyfile.Search" time="12.811" errors="0" timestamp="2024-11-09T16:34:57 GST" skipped="0">
  <testcase classname="testngpropertyfile.Search" name="verifySearchForExistingProduct" time="5.628"/>
  <testcase classname="testngpropertyfile.Search" name="verifySearchForNonExistingProduct" time="3.785"/>
  <testcase classname="testngpropertyfile.Search" name="verifySearchWithOutProduct" time="3.398"/>
</testsuite> <!-- testngpropertyfile.Search -->
