<?xml version="1.0" encoding="UTF-8"?>
<!-- Generated by org.testng.reporters.JUnitReportReporter -->
<testsuite hostname="lenovo" failures="0" tests="5" name="testngpropertyfile.Login" time="24.291" errors="0" timestamp="2024-11-09T16:34:57 GST" skipped="0">
  <testcase classname="testngpropertyfile.Login" name="loginWithValidCredentials" time="4.219"/>
  <testcase classname="testngpropertyfile.Login" name="loginWithInValidCredentials" time="5.173"/>
  <testcase classname="testngpropertyfile.Login" name="loginWithValidEmailInValidPassword" time="5.059"/>
  <testcase classname="testngpropertyfile.Login" name="loginWithInValidEmailValidPassword" time="4.747"/>
  <testcase classname="testngpropertyfile.Login" name="loginWithOutAnyCredentials" time="5.093"/>
</testsuite> <!-- testngpropertyfile.Login -->
